[INFO] 2025-05-24 03:53:02 UTC (2025-05-23 20:53:02 PT) - Starting nightly FINS data download
[INFO] 2025-05-24 03:53:02 UTC (2025-05-23 20:53:02 PT) - API key found
[INFO] 2025-05-24 03:53:02 UTC (2025-05-23 20:53:02 PT) - Current PT time: 2025-05-23 20:53:02
[INFO] 2025-05-24 03:53:02 UTC (2025-05-23 20:53:02 PT) - Requesting ALL historical trapping data through 05/24/2025 for NPT GRSME Program only
[INFO] 2025-05-24 03:53:39 UTC (2025-05-23 20:53:39 PT) - Downloaded 19675 rows of data
[INFO] 2025-05-24 03:53:39 UTC (2025-05-23 20:53:39 PT) - Columns: Finalize, Verify, Follow-Up, Trapped Date, Is Import, Facility, Trap, Trap Is Offsite, Trapping Session Name, Target Species, Target Run, Trapping Session Comments, Fish ID, Count, Species, Run, Sex, Origin, Origin Expression, Origin Description, Origin Start Date, Origin End Date, Origin Creator, Origin Creation Date, Living Status, Length, Age Designation, Age Calculated, Age Criteria Start Length, Age Criteria End Length, Age Criteria Start Date, Age Criteria End Date, Moved To Facility, Moved To, Moved To Location Type, Moved To Is Offsite, Offsite Owner Facility, Offsite Location Latitude, Offsite Location Longitude, Offsite Location Description, Disposition, Release Site, Release Site Latitude, Release Site Longitude, Purpose, Existing Marks, Existing Marks Quantity, Applied Marks, Applied Marks Quantity, Existing Tags, Applied Tags, Existing CWT, Existing CWT Value, Applied CWT, Applied CWT Value, Existing PIT, Applied PIT, Samples, Conditions, Recap, Injected, Weight, Notes, Group Notes, Import Custom
[INFO] 2025-05-24 03:53:39 UTC (2025-05-23 20:53:39 PT) - Successfully saved file: data/TrappingData.csv - Size: 11294133 bytes
[INFO] 2025-05-24 03:53:39 UTC (2025-05-23 20:53:39 PT) - Data summary:
[INFO] 2025-05-24 03:53:39 UTC (2025-05-23 20:53:39 PT) -   Date range: 10/10/2023 to 9/9/2022
[INFO] 2025-05-24 03:53:39 UTC (2025-05-23 20:53:39 PT) -   Total records: 19675
[INFO] 2025-05-24 03:53:39 UTC (2025-05-23 20:53:39 PT) - Download completed successfully
[INFO] 2025-05-25 03:36:21 UTC (2025-05-24 20:36:21 PT) - Starting nightly FINS data download
[INFO] 2025-05-25 03:36:21 UTC (2025-05-24 20:36:21 PT) - API key found
[INFO] 2025-05-25 03:36:21 UTC (2025-05-24 20:36:21 PT) - Current PT time: 2025-05-24 20:36:21
[INFO] 2025-05-25 03:36:21 UTC (2025-05-24 20:36:21 PT) - Requesting ALL historical trapping data through 05/25/2025 for NPT GRSME Program only
[INFO] 2025-05-25 03:37:00 UTC (2025-05-24 20:37:00 PT) - Downloaded 19675 rows of data
[INFO] 2025-05-25 03:37:00 UTC (2025-05-24 20:37:00 PT) - Columns: Finalize, Verify, Follow-Up, Trapped Date, Is Import, Facility, Trap, Trap Is Offsite, Trapping Session Name, Target Species, Target Run, Trapping Session Comments, Fish ID, Count, Species, Run, Sex, Origin, Origin Expression, Origin Description, Origin Start Date, Origin End Date, Origin Creator, Origin Creation Date, Living Status, Length, Age Designation, Age Calculated, Age Criteria Start Length, Age Criteria End Length, Age Criteria Start Date, Age Criteria End Date, Moved To Facility, Moved To, Moved To Location Type, Moved To Is Offsite, Offsite Owner Facility, Offsite Location Latitude, Offsite Location Longitude, Offsite Location Description, Disposition, Release Site, Release Site Latitude, Release Site Longitude, Purpose, Existing Marks, Existing Marks Quantity, Applied Marks, Applied Marks Quantity, Existing Tags, Applied Tags, Existing CWT, Existing CWT Value, Applied CWT, Applied CWT Value, Existing PIT, Applied PIT, Samples, Conditions, Recap, Injected, Weight, Notes, Group Notes, Import Custom
[INFO] 2025-05-25 03:37:00 UTC (2025-05-24 20:37:00 PT) - Successfully saved file: data/TrappingData.csv - Size: 11294133 bytes
[INFO] 2025-05-25 03:37:00 UTC (2025-05-24 20:37:00 PT) - Data summary:
[INFO] 2025-05-25 03:37:00 UTC (2025-05-24 20:37:00 PT) -   Date range: 10/10/2023 to 9/9/2022
[INFO] 2025-05-25 03:37:00 UTC (2025-05-24 20:37:00 PT) -   Total records: 19675
[INFO] 2025-05-25 03:37:00 UTC (2025-05-24 20:37:00 PT) - Download completed successfully
